---------------------------------------------------------------------------------------------------------------------------------
      name:  <unnamed>
       log:  C:\Users\Chong An\Documents\GitHub\stata_practice\analysis\temp/summary_stats.log
  log type:  text
 opened on:  23 Jun 2017, 12:15:45

. 
. /********************** Section 2: Remove unwanted variables *************************/
. 
. use "`input_dir'\clean.dta", clear

. 
end of do-file

. ttest points, by(hill_indicator)

Two-sample t test with equal variances
----------------------------------------
> --------------------------------------
   Group |     Obs        Mean    Std. E
> rr.                                   
>       Std. Dev.                       
>                   [95% Conf. Interval]
---------+------------------------------
> --------------------------------------
       0 |   61787    717.5756    3.1610
> 73                                    
>       785.7476                        
>                   711.3799            
>                               723.7713
       1 |    1042    791.3321    27.037
> 83                                    
>        872.782                        
>                   738.2772            
>                               844.3869
---------+------------------------------
> --------------------------------------
combined |   62829    718.7988    3.1410
> 16                                    
>       787.3181                        
>                   712.6424            
>                               724.9552
---------+------------------------------
> --------------------------------------
    diff |           -73.75645     24.5935               -121.9597   -25.55315
------------------------------------------------------------------------------
    diff = mean(0) - mean(1)                                      t =  -2.9990
Ho: diff = 0                                     degrees of freedom =    62827

    Ha: diff < 0                 Ha: diff != 0                 Ha: diff > 0
 Pr(T < t) = 0.0014         Pr(|T| > |t|) = 0.0027          Pr(T > t) = 0.9986

. ttest points, by(hill_indicator)

Two-sample t test with equal variances
------------------------------------------------------------------------------
   Group |     Obs        Mean    Std. Err.   Std. Dev.   [95% Conf. Interval]
---------+--------------------------------------------------------------------
       0 |   61787    717.5756    3.161073    785.7476    711.3799    723.7713
       1 |    1042    791.3321    27.03783     872.782    738.2772    844.3869
---------+--------------------------------------------------------------------
combined |   62829    718.7988    3.141016    787.3181    712.6424    724.9552
---------+--------------------------------------------------------------------
    diff |           -73.75645     24.5935               -121.9597   -25.55315
------------------------------------------------------------------------------
    diff = mean(0) - mean(1)                                      t =  -2.9990
Ho: diff = 0                                     degrees of freedom =    62827

    Ha: diff < 0                 Ha: diff != 0                 Ha: diff > 0
 Pr(T < t) = 0.0014         Pr(|T| > |t|) = 0.0027          Pr(T > t) = 0.9986

. tab state_count

state_count |      Freq.     Percent        Cum.
------------+-----------------------------------
          7 |          7        0.01        0.01
         14 |         14        0.02        0.03
         16 |         16        0.03        0.06
         34 |         34        0.05        0.11
         77 |         77        0.12        0.24
         84 |        168        0.27        0.50
         85 |         85        0.14        0.64
         89 |         89        0.14        0.78
        137 |        137        0.22        1.00
        156 |        156        0.25        1.25
        157 |        157        0.25        1.50
        194 |        194        0.31        1.80
        196 |        196        0.31        2.12
        199 |        199        0.32        2.43
        200 |        200        0.32        2.75
        227 |        227        0.36        3.11
        258 |        258        0.41        3.52
        294 |        294        0.47        3.99
        390 |        390        0.62        4.61
        451 |        451        0.72        5.33
        480 |        480        0.76        6.09
        484 |        484        0.77        6.86
        523 |        523        0.83        7.70
        604 |        604        0.96        8.66
        653 |        653        1.04        9.70
        705 |        705        1.12       10.82
        758 |        758        1.21       12.03
        777 |        777        1.24       13.26
        795 |        795        1.27       14.53
        856 |        856        1.36       15.89
        911 |        911        1.45       17.34
        944 |        944        1.50       18.84
       1078 |      1,078        1.72       20.56
       1153 |      1,153        1.84       22.39
       1174 |      1,174        1.87       24.26
       1383 |      1,383        2.20       26.46
       1396 |      1,396        2.22       28.69
       1415 |      1,415        2.25       30.94
       1432 |      1,432        2.28       33.22
       1455 |      1,455        2.32       35.53
       1457 |      1,457        2.32       37.85
       1478 |      1,478        2.35       40.20
       1502 |      1,502        2.39       42.59
       1641 |      1,641        2.61       45.21
       1763 |      1,763        2.81       48.01
       2099 |      2,099        3.34       51.35
       2492 |      2,492        3.97       55.32
       2880 |      2,880        4.58       59.90
       3194 |      3,194        5.08       64.99
       5093 |      5,093        8.11       73.09
       6468 |      6,468       10.29       83.39
      10437 |     10,437       16.61      100.00
------------+-----------------------------------
      Total |     62,829      100.00

. list home_city, by(competition_year)
option by() not allowed
r(198);

. list home_city

       +------------------------------+
       |                    home_city |
       |------------------------------|
    1. |                    Roseville |
    2. |            Pacific Palisades |
    3. |                     Hinsdale |
    4. |                      Suwanee |
    5. |                    San Diego |
       |------------------------------|
    6. |                   Washington |
    7. |               Pembroke Pines |
    8. |                  Short Hills |
    9. |                   Sacramento |
   10. |             Canal Winchester |
       |------------------------------|
   11. |                      Jericho |
   12. |                  Simi Valley |
   13. |                   Boca Raton |
   14. |                Coconut Grove |
   15. |                     Coronado |
       |------------------------------|
   16. |                  San Antonio |
   17. |                     Redlands |
   18. |                  San Antonio |
   19. |                North Hampton |
   20. |                      Portage |
       |------------------------------|
   21. |                     Marietta |
   22. |                      Coppell |
   23. |                    Glen Cove |
   24. |                       Darien |
   25. |                   Lake Bluff |
       |------------------------------|
   26. |                     Newburgh |
   27. |                     Milpitas |
   28. |                    Greenlawn |
   29. |                     Hinsdale |
   30. |                   Olmos Park |
       |------------------------------|
   31. |                   Alpharetta |
   32. |                Overland Park |
   33. |                    Elk Grove |
   34. |                     Bellevue |
   35. |                   Montgomery |
       |------------------------------|
   36. |                  San Antonio |
   37. |                   Charleston |
   38. |                   Washington |
   39. |                   Livingston |
   40. |             Colorado Springs |
       |------------------------------|
   41. |                   Washington |
   42. |                    Bradenton |
   43. |                      Atlanta |
   44. |                 West Windsor |
   45. |                Staten Island |
       |------------------------------|
   46. |                   Chesapeake |
   47. |                     Pearland |
   48. |                    Villanova |
   49. |                        Tulsa |
   50. |                      Syosset |
       |------------------------------|
   51. |                    Scarsdale |
   52. |                    San Diego |
   53. |               Mount Pleasant |
   54. |                      Andover |
   55. |                  Little Rock |
       |------------------------------|
   56. |                      Marlton |
   57. |                   Oyster Bay |
   58. |                      Tiburon |
   59. |                        Tampa |
   60. |                      Ballwin |
       |------------------------------|
   61. |                Granada Hills |
   62. |                   Richardson |
   63. |                  Johns Creek |
   64. |                  Churchville |
   65. |                       Osprey |
       |------------------------------|
   66. |                North Potomac |
   67. |                      Houston |
   68. |                     Bellevue |
   69. |                     Saratoga |
   70. |                    Fullerton |
       |------------------------------|
   71. |                     Sterling |
   72. |                   Cincinnati |
   73. |                       Lititz |
   74. |                    Northport |
   75. |                   Brookfield |
       |------------------------------|
   76. |                       Carmel |
   77. |                       Austin |
   78. |         Cherry Hills Village |
   79. |                 Slingerlands |
   80. |             Dripping Springs |
       |------------------------------|
   81. |                   West Point |
   82. |                      Orlando |
   83. |             Bloomfield Hills |
   84. |                   Great Neck |
   85. |                   San German |
       |------------------------------|
   86. |                       Sylmar |
   87. |                       Irvine |
   88. |                       Albany |
   89. |                   Northfield |
   90. |                      El Paso |
       |------------------------------|
   91. |                        Tulsa |
   92. |                    Lake Mary |
   93. |                      Raleigh |
   94. |                     Bellevue |
   95. |                  San Antonio |
       |------------------------------|
   96. |                    Princeton |
   97. |                   Alpharetta |
   98. |                   Boca Raton |
   99. |                  SPARTANBURG |
  100. |                  South Salem |
       |------------------------------|
  101. |                  LOS ANGELES |
  102. |                    Princeton |
  103. |                  Palm Harbor |
  104. |                   Oyster Bay |
  105. |                    Baltimore |
       |------------------------------|
  106. |                   Broomfield |
  107. |                 New Rochelle |
  108. |                   Darnestown |
  109. |                   Boca Raton |
  110. |                    Palo Alto |
       |------------------------------|
  111. |                  Pound Ridge |
  112. |                   Alpharetta |
  113. |                  Lake Zurich |
  114. |                        Miami |
  115. |                        Tulsa |
       |------------------------------|
  116. |                  Sioux Falls |
  117. |              Litchfield Park |
  118. |                    Johnstown |
  119. |                Santa Barbara |
  120. |                    San Diego |
       |------------------------------|
  121. |                         Erie |
--Break--
r(1);

. tab home_city, by(competition_year)
option by() not allowed
r(198);

. help bysort

. bysort(competition_year): tab home_city
invalid syntax
r(198);

. help bysort

. bysort competition_year: tab home_city

---------------------------------------------------------------------------------------------------------------------------------
-> competition_year = 2004

                   Home_City |      Freq.     Percent        Cum.
-----------------------------+-----------------------------------
                     Abilene |          1        0.03        0.03
                    Abington |          1        0.03        0.05
                       Acton |          1        0.03        0.08
                     Acworth |          2        0.05        0.13
                      Agoura |          2        0.05        0.19
                   Aguadilla |          1        0.03        0.22
                        Aiea |          2        0.05        0.27
                       Akron |          1        0.03        0.30
                     Alameda |          3        0.08        0.38
                       Alamo |          3        0.08        0.46
                 Albuquerque |          6        0.16        0.62
                       Aledo |          1        0.03        0.65
                  Alexandria |          3        0.08        0.73
                   Algonquin |          1        0.03        0.76
                       Allen |          1        0.03        0.78
                   Allendale |          1        0.03        0.81
                   Allentown |          1        0.03        0.84
                   Allenwood |          1        0.03        0.86
                Allison Park |          2        0.05        0.92
                  Alpharetta |         23        0.62        1.54
                      Alpine |          1        0.03        1.56
                    Altadena |          1        0.03        1.59
               Altamonte Spg |          1        0.03        1.62
                     Altoona |          2        0.05        1.67
                    Amarillo |          7        0.19        1.86
                     Anaheim |         11        0.30        2.16
                    Anderson |          4        0.11        2.27
                     Andover |          2        0.05        2.32
                   Ann Arbor |         10        0.27        2.59
                   Annandale |          1        0.03        2.62
                    Anniston |          1        0.03        2.64
                      Apopka |          1        0.03        2.67
                Apple Valley |          2        0.05        2.72
                       Aptos |          2        0.05        2.78
                     Arcadia |          1        0.03        2.81
                 Arden Hills |          2        0.05        2.86
                     Ardmore |          5        0.13        2.99
               Arkansas City |          1        0.03        3.02
                   Arlington |          6        0.16        3.18
                      Armonk |          5        0.13        3.32
               Arroyo Grande |          1        0.03        3.35
                   Asheville |          2        0.05        3.40
                     Ashland |          1        0.03        3.43
                      Athens |          3        0.08        3.51
                    Atherton |          7        0.19        3.70
                     Atlanta |         24        0.65        4.34
                Atlantic Bch |          2        0.05        4.40
                      Auburn |          4        0.11        4.50
                     Augusta |          6        0.16        4.67
                      Aurora |          2        0.05        4.72
                      Austin |         33        0.89        5.61
                    Aventura |          2        0.05        5.66
                   Avon Lake |          3        0.08        5.75
                  Bainbridge |          1        0.03        5.77
                 Bakersfield |          2        0.05        5.83
                 Bala Cynwyd |          3        0.08        5.91
                     Baldwin |          1        0.03        5.93
                Baldwin City |          2        0.05        5.99
                     Ballwin |          2        0.05        6.04
                   Baltimore |          3        0.08        6.12
                  Banner Elk |          1        0.03        6.15
                 Bannockburn |          1        0.03        6.18
                  Barrington |          3        0.08        6.26
                Bartlesville |          2        0.05        6.31
               Basking Ridge |          1        0.03        6.34
                       Basye |          1        0.03        6.37
                     Batavia |          1        0.03        6.39
                 Baton Rouge |          6        0.16        6.56
                Battle Creek |          8        0.22        6.77
                 Bay Village |          2        0.05        6.82
                     Bayamon |          5        0.13        6.96
                     Bayside |          4        0.11        7.07
                    Bayville |          2        0.05        7.12
                   Beachwood |          3        0.08        7.20
                      Beaver |          1        0.03        7.23
                     Bedford |          2        0.05        7.28
               Bedford Hills |          1        0.03        7.31
                  Bedminster |          2        0.05        7.36
                       Belen |          1        0.03        7.39
                    Bellaire |          4        0.11        7.50
                    Belleair |          3        0.08        7.58
                  Belleville |          5        0.13        7.72
                    Bellevue |          2        0.05        7.77
                    Bellmore |          2        0.05        7.82
                      Belmar |          4        0.11        7.93
                     Belmont |          2        0.05        7.98
                    Berkeley |          2        0.05        8.04
               Bernardsville |          1        0.03        8.07
               Bethany Beach |          1        0.03        8.09
                    Bethesda |          6        0.16        8.25
                   Bethlehem |          3        0.08        8.34
                     Beverly |          2        0.05        8.39
               Beverly Hills |          5        0.13        8.52
                   Billerica |          1        0.03        8.55
                    Billings |          2        0.05        8.61
                  Birmingham |         12        0.32        8.93
                    Bismarck |          1        0.03        8.96
                   Blacklick |          2        0.05        9.01
                  Bloomfield |          9        0.24        9.25
                Blue Springs |          2        0.05        9.31
                    Boardman |          1        0.03        9.33
                  Boca Raton |         27        0.73       10.06
                      Boerne |          2        0.05       10.12
                      Bogart |          1        0.03       10.14
                       Boise |          4        0.11       10.25
              Bonita Springs |          1        0.03       10.28
                       Boone |          1        0.03       10.30
                Bossier City |          1        0.03       10.33
                     Boulder |          1        0.03       10.36
                         Bow |          2        0.05       10.41
                       Bowie |          2        0.05       10.47
               Bowling Green |          1        0.03       10.49
                     Boxford |          1        0.03       10.52
                       Boyds |          1        0.03       10.55
               Boynton Beach |          2        0.05       10.60
                   Bradenton |         32        0.86       11.46
                     Brandon |          3        0.08       11.55
                     Branson |          1        0.03       11.57
                        Brea |          2        0.05       11.63
                   Brentwood |          5        0.13       11.76
                     Brevard |          3        0.08       11.84
                   Bridgeton |          1        0.03       11.87
                       Brier |          1        0.03       11.90
                    Brighton |          2        0.05       11.95
                   Brimfield |          1        0.03       11.98
                Broken Arrow |          1        0.03       12.00
                       Bronx |          2        0.05       12.06
                  Bronxville |          5        0.13       12.19
                  Brookfield |          1        0.03       12.22
                   Brookline |          2        0.05       12.27
                    Brooklyn |         24        0.65       12.92
                  Brookville |          4        0.11       13.03
                    Broomall |          1        0.03       13.06
                  Broomfield |          1        0.03       13.08
                   Bryn Mawr |          2        0.05       13.14
                     Buffalo |          3        0.08       13.22
               Buffalo Grove |          1        0.03       13.25
                 Bunker Hill |          2        0.05       13.30
                     Burbank |          6        0.16       13.46
                       Burke |          1        0.03       13.49
                  Burlington |          1        0.03       13.51
                  Burnsville |          1        0.03       13.54
                  Burr Ridge |          5        0.13       13.68
                      Butler |          1        0.03       13.70
                 CHULA VISTA |          1        0.03       13.73
                      Caguas |          2        0.05       13.78
                   Calabasas |          5        0.13       13.92
                   Camarillo |          1        0.03       13.95
                 Cambria Hts |          1        0.03       13.97
                   Cambridge |          3        0.08       14.05
                 Canoga Park |          3        0.08       14.14
                      Canton |          2        0.05       14.19
                  Cape Coral |          3        0.08       14.27
                   Cape Eliz |          1        0.03       14.30
                Capitol Hgts |          2        0.05       14.35
                Captain Cook |          1        0.03       14.38
                    Carlsbad |          2        0.05       14.43
                      Carmel |          5        0.13       14.57
                    Carolina |          3        0.08       14.65
                  Carrollton |          1        0.03       14.67
                      Carson |          4        0.11       14.78
                        Cary |          1        0.03       14.81
                      Casper |          1        0.03       14.84
               Castro Valley |          1        0.03       14.86
               Cathedral Cty |          1        0.03       14.89
                  Cave Creek |          2        0.05       14.94
                  Cedar Park |          1        0.03       14.97
                 Centreville |          1        0.03       15.00
               Chagrin Falls |          3        0.08       15.08
                    Chamblee |          1        0.03       15.11
                 Chapel Hill |          3        0.08       15.19
                   Chappaqua |          1        0.03       15.21
                  Charleston |          2        0.05       15.27
                   Charlotte |         14        0.38       15.65
                     Chatham |          3        0.08       15.73
                  Chatsworth |          4        0.11       15.83
                 Chattanooga |          7        0.19       16.02
                 Cherry Hill |          7        0.19       16.21
                  Chesapeake |          1        0.03       16.24
                     Chester |          1        0.03       16.27
                Chesterfield |          2        0.05       16.32
                 Chevy Chase |          1        0.03       16.35
                     Chicago |         16        0.43       16.78
                 Chillicothe |          2        0.05       16.83
                       Chino |          2        0.05       16.89
              Chippewa Falls |          1        0.03       16.91
               Christiansted |          1        0.03       16.94
                 Chula Vista |          4        0.11       17.05
                 Churchville |          2        0.05       17.10
                       Cidra |          1        0.03       17.13
                  Cincinnati |         22        0.59       17.72
                   Clackamas |          1        0.03       17.75
                   Claremont |          6        0.16       17.91
                   Clarkston |          2        0.05       17.97
                 Clarksville |          1        0.03       17.99
                     Clayton |          1        0.03       18.02
                   Cleveland |          3        0.08       18.10
                   Clewiston |          1        0.03       18.13
                     Clifton |          3        0.08       18.21
                       Clyde |          1        0.03       18.24
                Cockeysville |          2        0.05       18.29
                 Cocoa Beach |          1        0.03       18.32
               Coconut Grove |          1        0.03       18.34
                Cold Spg Hbr |          1        0.03       18.37
                      Colfax |          1        0.03       18.40
                College Park |          1        0.03       18.42
                Collierville |          1        0.03       18.45
               Colorado Spgs |         12        0.32       18.78
                      Colton |          1        0.03       18.80
                    Columbia |          7        0.19       18.99
                    Columbus |         16        0.43       19.42
                     Combine |          1        0.03       19.45
                     Concord |          4        0.11       19.56
                     Conyers |          1        0.03       19.58
                 Coon Rapids |          1        0.03       19.61
                 Cooper City |          4        0.11       19.72
                 Coopersburg |          2        0.05       19.77
                      Copley |          1        0.03       19.80
                     Coppell |          3        0.08       19.88
                Coral Gables |          3        0.08       19.96
               Coral Springs |          4        0.11       20.07
                     Cordova |          1        0.03       20.10
                      Corona |          2        0.05       20.15
              Corona Del Mar |          1        0.03       20.18
               Corona Dl Mar |          5        0.13       20.31
               Cortlandt Mnr |          1        0.03       20.34
                   Corvallis |          1        0.03       20.37
                     Corydon |          1        0.03       20.39
                     Cos Cob |          2        0.05       20.45
                  Costa Mesa |          5        0.13       20.58
                Coto De Caza |          5        0.13       20.72
                   Covington |          5        0.13       20.85
               Cranberry Twp |          2        0.05       20.91
                    Cranbury |          1        0.03       20.93
                     Crofton |          1        0.03       20.96
                 Crp Christi |          5        0.13       21.10
                Crystal Lake |          1        0.03       21.12
                     Cullman |          1        0.03       21.15
                      Culver |          1        0.03       21.18
                 Culver City |          1        0.03       21.20
                     Cumming |          1        0.03       21.23
                   Cupertino |         17        0.46       21.69
                       Cupey |          1        0.03       21.72
                     Cypress |          2        0.05       21.77
                      Dacula |          1        0.03       21.80
                      Dallas |         42        1.13       22.93
                     Danbury |          1        0.03       22.96
                       Dania |          1        0.03       22.98
                    Danville |          2        0.05       23.04
                      Daphne |          1        0.03       23.06
                      Darien |          4        0.11       23.17
                   Davenport |          1        0.03       23.20
                    Davidson |          3        0.08       23.28
                       Davie |          6        0.16       23.44
                       Davis |          7        0.19       23.63
                      Dayton |         12        0.32       23.95
                     Decatur |          5        0.13       24.09
                      Dedham |          1        0.03       24.12
                   Deerfield |          5        0.13       24.25
                     Del Mar |          6        0.16       24.41
                Delray Beach |         14        0.38       24.79
                      Denver |          2        0.05       24.84
                     Derwood |          1        0.03       24.87
--Break--
r(1);

. tab competition_year

Competition |
      _Year |      Freq.     Percent        Cum.
------------+-----------------------------------
       2004 |      3,707        5.90        5.90
       2005 |      5,277        8.40       14.30
       2006 |      5,547        8.83       23.13
       2007 |      5,611        8.93       32.06
       2008 |      6,757       10.75       42.81
       2009 |      5,978        9.51       52.33
       2010 |      6,028        9.59       61.92
       2011 |      5,839        9.29       71.22
       2012 |      2,997        4.77       75.99
       2013 |      3,025        4.81       80.80
       2014 |      6,384       10.16       90.96
       2015 |      5,679        9.04      100.00
------------+-----------------------------------
      Total |     62,829      100.00

. tabulate competition_year home_city, summarize(home_city)
no observations

. exit, clear
